This file contains any messages produced by compilers while
running configure, to aid debugging if configure makes a mistake.

It was created by Valgrind configure 3.12.0.SVN, which was
generated by GNU Autoconf 2.69.  Invocation command line was

  $ ./configure 

## --------- ##
## Platform. ##
## --------- ##

hostname = oc3670872207.ibm.com
uname -m = x86_64
uname -r = 2.6.32-573.14.1.el6.x86_64
uname -s = Linux
uname -v = #1 SMP Thu Dec 17 14:49:33 EST 2015

/usr/bin/uname -p = unknown
/bin/uname -X     = unknown

/bin/arch              = x86_64
/usr/bin/arch -k       = unknown
/usr/convex/getsysinfo = unknown
/usr/bin/hostinfo      = unknown
/bin/machine           = unknown
/usr/bin/oslevel       = unknown
/bin/universe          = unknown

PATH: /usr/lib64/qt-3.3/bin
PATH: /usr/local/bin
PATH: /usr/bin
PATH: /bin
PATH: /usr/local/sbin
PATH: /usr/sbin
PATH: /sbin
PATH: /opt/ibm/c4eb/bin
PATH: /home/aboorvad/bin
PATH: /usr/kerberos/bin


## ----------- ##
## Core tests. ##
## ----------- ##

configure:2736: checking for a BSD-compatible install
configure:2804: result: /usr/bin/install -c
configure:2815: checking whether build environment is sane
configure:2870: result: yes
configure:3021: checking for a thread-safe mkdir -p
configure:3060: result: /bin/mkdir -p
configure:3067: checking for gawk
configure:3083: found /usr/bin/gawk
configure:3094: result: gawk
configure:3105: checking whether make sets $(MAKE)
configure:3127: result: yes
configure:3156: checking whether make supports nested variables
configure:3173: result: yes
configure:3301: checking whether to enable maintainer-specific portions of Makefiles
configure:3310: result: no
configure:3335: checking whether ln -s works
configure:3339: result: yes
configure:3394: checking for gcc
configure:3410: found /usr/bin/gcc
configure:3421: result: gcc
configure:3650: checking for C compiler version
configure:3659: gcc --version >&5
gcc (GCC) 4.4.7 20120313 (Red Hat 4.4.7-16)
Copyright (C) 2010 Free Software Foundation, Inc.
This is free software; see the source for copying conditions.  There is NO
warranty; not even for MERCHANTABILITY or FITNESS FOR A PARTICULAR PURPOSE.

configure:3670: $? = 0
configure:3659: gcc -v >&5
Using built-in specs.
Target: x86_64-redhat-linux
Configured with: ../configure --prefix=/usr --mandir=/usr/share/man --infodir=/usr/share/info --with-bugurl=http://bugzilla.redhat.com/bugzilla --enable-bootstrap --enable-shared --enable-threads=posix --enable-checking=release --with-system-zlib --enable-__cxa_atexit --disable-libunwind-exceptions --enable-gnu-unique-object --enable-languages=c,c++,objc,obj-c++,java,fortran,ada --enable-java-awt=gtk --disable-dssi --with-java-home=/usr/lib/jvm/java-1.5.0-gcj-1.5.0.0/jre --enable-libgcj-multifile --enable-java-maintainer-mode --with-ecj-jar=/usr/share/java/eclipse-ecj.jar --disable-libjava-multilib --with-ppl --with-cloog --with-tune=generic --with-arch_32=i686 --build=x86_64-redhat-linux
Thread model: posix
gcc version 4.4.7 20120313 (Red Hat 4.4.7-16) (GCC) 
configure:3670: $? = 0
configure:3659: gcc -V >&5
gcc: '-V' option must have argument
configure:3670: $? = 1
configure:3659: gcc -qversion >&5
gcc: unrecognized option '-qversion'
gcc: no input files
configure:3670: $? = 1
configure:3690: checking whether the C compiler works
configure:3712: gcc    conftest.c  >&5
configure:3716: $? = 0
configure:3764: result: yes
configure:3767: checking for C compiler default output file name
configure:3769: result: a.out
configure:3775: checking for suffix of executables
configure:3782: gcc -o conftest    conftest.c  >&5
configure:3786: $? = 0
configure:3808: result: 
configure:3830: checking whether we are cross compiling
configure:3838: gcc -o conftest    conftest.c  >&5

## ---------------- ##
## Cache variables. ##
## ---------------- ##

ac_cv_env_AR_set=
ac_cv_env_AR_value=
ac_cv_env_CCASFLAGS_set=
ac_cv_env_CCASFLAGS_value=
ac_cv_env_CCAS_set=
ac_cv_env_CCAS_value=
ac_cv_env_CCC_set=
ac_cv_env_CCC_value=
ac_cv_env_CC_set=
ac_cv_env_CC_value=
ac_cv_env_CFLAGS_set=
ac_cv_env_CFLAGS_value=
ac_cv_env_CPPFLAGS_set=
ac_cv_env_CPPFLAGS_value=
ac_cv_env_CPP_set=
ac_cv_env_CPP_value=
ac_cv_env_CXXFLAGS_set=
ac_cv_env_CXXFLAGS_value=
ac_cv_env_CXX_set=
ac_cv_env_CXX_value=
ac_cv_env_LDFLAGS_set=
ac_cv_env_LDFLAGS_value=
ac_cv_env_LIBS_set=
ac_cv_env_LIBS_value=
ac_cv_env_build_alias_set=
ac_cv_env_build_alias_value=
ac_cv_env_host_alias_set=
ac_cv_env_host_alias_value=
ac_cv_env_target_alias_set=
ac_cv_env_target_alias_value=
ac_cv_path_install='/usr/bin/install -c'
ac_cv_path_mkdir=/bin/mkdir
ac_cv_prog_AWK=gawk
ac_cv_prog_ac_ct_CC=gcc
ac_cv_prog_make_make_set=yes
am_cv_make_support_nested_variables=yes

## ----------------- ##
## Output variables. ##
## ----------------- ##

ACLOCAL='${SHELL} /home/aboorvad/workspace/valgrind/svn-valgrind/valgrind/missing aclocal-1.15'
AMDEPBACKSLASH=''
AMDEP_FALSE=''
AMDEP_TRUE=''
AMTAR='$${TAR-tar}'
AM_BACKSLASH='\'
AM_DEFAULT_V='$(AM_DEFAULT_VERBOSITY)'
AM_DEFAULT_VERBOSITY='1'
AM_V='$(V)'
AR=''
AUTOCONF='${SHELL} /home/aboorvad/workspace/valgrind/svn-valgrind/valgrind/missing autoconf'
AUTOHEADER='${SHELL} /home/aboorvad/workspace/valgrind/svn-valgrind/valgrind/missing autoheader'
AUTOMAKE='${SHELL} /home/aboorvad/workspace/valgrind/svn-valgrind/valgrind/missing automake-1.15'
AWK='gawk'
BOOST_CFLAGS=''
BOOST_LIBS=''
BUILD_ADDR32_TESTS_FALSE=''
BUILD_ADDR32_TESTS_TRUE=''
BUILD_AVX2_TESTS_FALSE=''
BUILD_AVX2_TESTS_TRUE=''
BUILD_AVX_TESTS_FALSE=''
BUILD_AVX_TESTS_TRUE=''
BUILD_BMI_TESTS_FALSE=''
BUILD_BMI_TESTS_TRUE=''
BUILD_DFP_TESTS_FALSE=''
BUILD_DFP_TESTS_TRUE=''
BUILD_FMA_TESTS_FALSE=''
BUILD_FMA_TESTS_TRUE=''
BUILD_IFUNC_TESTS_FALSE=''
BUILD_IFUNC_TESTS_TRUE=''
BUILD_LOOPNEL_TESTS_FALSE=''
BUILD_LOOPNEL_TESTS_TRUE=''
BUILD_LZCNT_TESTS_FALSE=''
BUILD_LZCNT_TESTS_TRUE=''
BUILD_MOVBE_TESTS_FALSE=''
BUILD_MOVBE_TESTS_TRUE=''
BUILD_MPIWRAP_PRI_FALSE=''
BUILD_MPIWRAP_PRI_TRUE=''
BUILD_MPIWRAP_SEC_FALSE=''
BUILD_MPIWRAP_SEC_TRUE=''
BUILD_MPX_TESTS_FALSE=''
BUILD_MPX_TESTS_TRUE=''
BUILD_PCLMULQDQ_TESTS_FALSE=''
BUILD_PCLMULQDQ_TESTS_TRUE=''
BUILD_SSE3_TESTS_FALSE=''
BUILD_SSE3_TESTS_TRUE=''
BUILD_SSE42_TESTS_FALSE=''
BUILD_SSE42_TESTS_TRUE=''
BUILD_SSSE3_TESTS_FALSE=''
BUILD_SSSE3_TESTS_TRUE=''
BUILD_TSX_TESTS_FALSE=''
BUILD_TSX_TESTS_TRUE=''
BUILD_VPCLMULQDQ_TESTS_FALSE=''
BUILD_VPCLMULQDQ_TESTS_TRUE=''
CC='gcc'
CCAS=''
CCASDEPMODE=''
CCASFLAGS=''
CCDEPMODE=''
CFLAGS=''
CFLAGS_MPI=''
COMPILER_IS_CLANG_FALSE=''
COMPILER_IS_CLANG_TRUE=''
COMPILER_IS_ICC_FALSE=''
COMPILER_IS_ICC_TRUE=''
CPP=''
CPPFLAGS=''
CXX=''
CXXDEPMODE=''
CXXFLAGS=''
CXX_CAN_INCLUDE_THREAD_HEADER_FALSE=''
CXX_CAN_INCLUDE_THREAD_HEADER_TRUE=''
CYGPATH_W='echo'
DEFAULT_SUPP=''
DEFS=''
DEPDIR=''
DIFF=''
DIS_PATH=''
DWARF4_FALSE=''
DWARF4_TRUE=''
ECHO_C=''
ECHO_N='-n'
ECHO_T=''
EGREP=''
ENABLE_LINUX_TICKET_LOCK_PRIMARY_FALSE=''
ENABLE_LINUX_TICKET_LOCK_PRIMARY_TRUE=''
ENABLE_LINUX_TICKET_LOCK_SECONDARY_FALSE=''
ENABLE_LINUX_TICKET_LOCK_SECONDARY_TRUE=''
EXEEXT=''
FLAG_FNO_IPA_ICF=''
FLAG_FNO_STACK_PROTECTOR=''
FLAG_FSANITIZE=''
FLAG_M32=''
FLAG_M64=''
FLAG_MIPS32=''
FLAG_MIPS64=''
FLAG_MLONG_DOUBLE_128=''
FLAG_MMMX=''
FLAG_MSSE=''
FLAG_NO_BUILD_ID=''
FLAG_OCTEON2=''
FLAG_OCTEON=''
FLAG_T_TEXT=''
FLAG_UNLIMITED_INLINE_UNIT_GROWTH=''
FLAG_W_CAST_ALIGN=''
FLAG_W_CAST_QUAL=''
FLAG_W_EMPTY_BODY=''
FLAG_W_EXTRA=''
FLAG_W_FORMAT=''
FLAG_W_FORMAT_SECURITY=''
FLAG_W_FORMAT_SIGNEDNESS=''
FLAG_W_IGNORED_QUALIFIERS=''
FLAG_W_MISSING_PARAMETER_TYPE=''
FLAG_W_NO_INFINITE_RECURSION=''
FLAG_W_NO_MEMSET_TRANSPOSED_ARGS=''
FLAG_W_NO_MISMATCHED_NEW_DELETE=''
FLAG_W_NO_NONNULL=''
FLAG_W_NO_OVERFLOW=''
FLAG_W_NO_POINTER_SIGN=''
FLAG_W_NO_STATIC_LOCAL_IN_INLINE=''
FLAG_W_NO_UNINITIALIZED=''
FLAG_W_NO_UNUSED_FUNCTION=''
FLAG_W_OLD_STYLE_DECLARATION=''
FLAG_W_WRITE_STRINGS=''
GDB=''
GLIBC_VERSION=''
GREP=''
HAS_ALTIVEC_FALSE=''
HAS_ALTIVEC_TRUE=''
HAS_DFP_FALSE=''
HAS_DFP_TRUE=''
HAS_ISA_2_05_FALSE=''
HAS_ISA_2_05_TRUE=''
HAS_ISA_2_06_FALSE=''
HAS_ISA_2_06_TRUE=''
HAS_ISA_2_07_FALSE=''
HAS_ISA_2_07_TRUE=''
HAS_MLONG_DOUBLE_128_FALSE=''
HAS_MLONG_DOUBLE_128_TRUE=''
HAS_VSX_FALSE=''
HAS_VSX_TRUE=''
HAVE_ASM_CONSTRAINT_P_FALSE=''
HAVE_ASM_CONSTRAINT_P_TRUE=''
HAVE_AT_FDCWD_FALSE=''
HAVE_AT_FDCWD_TRUE=''
HAVE_BOOST_1_35_FALSE=''
HAVE_BOOST_1_35_TRUE=''
HAVE_BUILTIN_ATOMIC64_FALSE=''
HAVE_BUILTIN_ATOMIC64_TRUE=''
HAVE_BUILTIN_ATOMIC_CXX_FALSE=''
HAVE_BUILTIN_ATOMIC_CXX_TRUE=''
HAVE_BUILTIN_ATOMIC_FALSE=''
HAVE_BUILTIN_ATOMIC_SECONDARY_FALSE=''
HAVE_BUILTIN_ATOMIC_SECONDARY_TRUE=''
HAVE_BUILTIN_ATOMIC_TRUE=''
HAVE_DLINFO_RTLD_DI_TLS_MODID_FALSE=''
HAVE_DLINFO_RTLD_DI_TLS_MODID_TRUE=''
HAVE_GNU_STPNCPY_FALSE=''
HAVE_GNU_STPNCPY_TRUE=''
HAVE_NESTED_FUNCTIONS_FALSE=''
HAVE_NESTED_FUNCTIONS_TRUE=''
HAVE_OPENMP_FALSE=''
HAVE_OPENMP_TRUE=''
HAVE_PTHREAD_BARRIER_FALSE=''
HAVE_PTHREAD_BARRIER_TRUE=''
HAVE_PTHREAD_CREATE_GLIBC_2_0_FALSE=''
HAVE_PTHREAD_CREATE_GLIBC_2_0_TRUE=''
HAVE_PTHREAD_MUTEX_TIMEDLOCK_FALSE=''
HAVE_PTHREAD_MUTEX_TIMEDLOCK_TRUE=''
HAVE_PTHREAD_SETNAME_NP_FALSE=''
HAVE_PTHREAD_SETNAME_NP_TRUE=''
HAVE_PTHREAD_SPINLOCK_FALSE=''
HAVE_PTHREAD_SPINLOCK_TRUE=''
HAVE_SHARED_POINTER_ANNOTATION_FALSE=''
HAVE_SHARED_POINTER_ANNOTATION_TRUE=''
HWCAP_HAS_ALTIVEC=''
HWCAP_HAS_DFP=''
HWCAP_HAS_HTM=''
HWCAP_HAS_ISA_2_05=''
HWCAP_HAS_ISA_2_06=''
HWCAP_HAS_ISA_2_07=''
HWCAP_HAS_VSX=''
INSTALL_DATA='${INSTALL} -m 644'
INSTALL_PROGRAM='${INSTALL}'
INSTALL_SCRIPT='${INSTALL}'
INSTALL_STRIP_PROGRAM='$(install_sh) -c -s'
LDFLAGS=''
LDFLAGS_MPI=''
LIBOBJS=''
LIBS=''
LIB_UBSAN=''
LN_S='ln -s'
LTLIBOBJS=''
MAINT='#'
MAINTAINER_MODE_FALSE=''
MAINTAINER_MODE_TRUE='#'
MAKEINFO='${SHELL} /home/aboorvad/workspace/valgrind/svn-valgrind/valgrind/missing makeinfo'
MKDIR_P='/bin/mkdir -p'
MPI_CC=''
OBJEXT=''
PACKAGE='valgrind'
PACKAGE_BUGREPORT='valgrind-users@lists.sourceforge.net'
PACKAGE_NAME='Valgrind'
PACKAGE_STRING='Valgrind 3.12.0.SVN'
PACKAGE_TARNAME='valgrind'
PACKAGE_URL=''
PACKAGE_VERSION='3.12.0.SVN'
PATH_SEPARATOR=':'
PERL=''
PREFERRED_STACK_BOUNDARY_2=''
RANLIB=''
SED=''
SET_MAKE=''
SHELL='/bin/sh'
SOLARIS_AUDITON_STAT_FALSE=''
SOLARIS_AUDITON_STAT_TRUE=''
SOLARIS_EXECVE_SYSCALL_TAKES_FLAGS_FALSE=''
SOLARIS_EXECVE_SYSCALL_TAKES_FLAGS_TRUE=''
SOLARIS_FREALPATHAT_SYSCALL_FALSE=''
SOLARIS_FREALPATHAT_SYSCALL_TRUE=''
SOLARIS_GETHRT_FASTTRAP_FALSE=''
SOLARIS_GETHRT_FASTTRAP_TRUE=''
SOLARIS_GETRANDOM_SYSCALL_FALSE=''
SOLARIS_GETRANDOM_SYSCALL_TRUE=''
SOLARIS_GETZONEOFFSET_FASTTRAP_FALSE=''
SOLARIS_GETZONEOFFSET_FASTTRAP_TRUE=''
SOLARIS_LWP_NAME_SYSCALL_FALSE=''
SOLARIS_LWP_NAME_SYSCALL_TRUE=''
SOLARIS_LWP_SIGQUEUE_SYSCALL_FALSE=''
SOLARIS_LWP_SIGQUEUE_SYSCALL_TAKES_PID_FALSE=''
SOLARIS_LWP_SIGQUEUE_SYSCALL_TAKES_PID_TRUE=''
SOLARIS_LWP_SIGQUEUE_SYSCALL_TRUE=''
SOLARIS_NSCD_DOOR_SYSTEM_VOLATILE_FALSE=''
SOLARIS_NSCD_DOOR_SYSTEM_VOLATILE_TRUE=''
SOLARIS_OLD_SYSCALLS_FALSE=''
SOLARIS_OLD_SYSCALLS_TRUE=''
SOLARIS_PROC_CMDLINE_FALSE=''
SOLARIS_PROC_CMDLINE_TRUE=''
SOLARIS_PRXREGSET_T_FALSE=''
SOLARIS_PRXREGSET_T_TRUE=''
SOLARIS_PSET_GET_NAME_FALSE=''
SOLARIS_PSET_GET_NAME_TRUE=''
SOLARIS_RESERVE_SYSSTAT_ADDR_FALSE=''
SOLARIS_RESERVE_SYSSTAT_ADDR_TRUE=''
SOLARIS_RESERVE_SYSSTAT_ZONE_ADDR_FALSE=''
SOLARIS_RESERVE_SYSSTAT_ZONE_ADDR_TRUE=''
SOLARIS_SHM_NEW_FALSE=''
SOLARIS_SHM_NEW_TRUE=''
SOLARIS_SPAWN_SYSCALL_FALSE=''
SOLARIS_SPAWN_SYSCALL_TRUE=''
SOLARIS_SUN_STUDIO_AS_FALSE=''
SOLARIS_SUN_STUDIO_AS_TRUE=''
SOLARIS_SYSTEM_STATS_SYSCALL_FALSE=''
SOLARIS_SYSTEM_STATS_SYSCALL_TRUE=''
SOLARIS_TNDB_GET_TNIP_FALSE=''
SOLARIS_TNDB_GET_TNIP_TRUE=''
SOLARIS_TSOL_CLEARANCE_FALSE=''
SOLARIS_TSOL_CLEARANCE_TRUE=''
SOLARIS_UNDEF_LARGESOURCE=''
SOLARIS_UTIMENSAT_SYSCALL_FALSE=''
SOLARIS_UTIMENSAT_SYSCALL_TRUE=''
SOLARIS_UTIMESYS_SYSCALL_FALSE=''
SOLARIS_UTIMESYS_SYSCALL_TRUE=''
SOLARIS_UUIDSYS_SYSCALL_FALSE=''
SOLARIS_UUIDSYS_SYSCALL_TRUE=''
SOLARIS_XPG_SYMBOLS_PRESENT_FALSE=''
SOLARIS_XPG_SYMBOLS_PRESENT_TRUE=''
SOLARIS_ZONE_DEFUNCT_FALSE=''
SOLARIS_ZONE_DEFUNCT_TRUE=''
STRIP=''
SUPPORTS_HTM_FALSE=''
SUPPORTS_HTM_TRUE=''
VALT_LOAD_ADDRESS_PRI=''
VALT_LOAD_ADDRESS_SEC=''
VERSION='3.12.0.SVN'
VGCONF_ARCHS_INCLUDE_AMD64_FALSE=''
VGCONF_ARCHS_INCLUDE_AMD64_TRUE=''
VGCONF_ARCHS_INCLUDE_ARM64_FALSE=''
VGCONF_ARCHS_INCLUDE_ARM64_TRUE=''
VGCONF_ARCHS_INCLUDE_ARM_FALSE=''
VGCONF_ARCHS_INCLUDE_ARM_TRUE=''
VGCONF_ARCHS_INCLUDE_MIPS32_FALSE=''
VGCONF_ARCHS_INCLUDE_MIPS32_TRUE=''
VGCONF_ARCHS_INCLUDE_MIPS64_FALSE=''
VGCONF_ARCHS_INCLUDE_MIPS64_TRUE=''
VGCONF_ARCHS_INCLUDE_PPC32_FALSE=''
VGCONF_ARCHS_INCLUDE_PPC32_TRUE=''
VGCONF_ARCHS_INCLUDE_PPC64_FALSE=''
VGCONF_ARCHS_INCLUDE_PPC64_TRUE=''
VGCONF_ARCHS_INCLUDE_S390X_FALSE=''
VGCONF_ARCHS_INCLUDE_S390X_TRUE=''
VGCONF_ARCHS_INCLUDE_TILEGX_FALSE=''
VGCONF_ARCHS_INCLUDE_TILEGX_TRUE=''
VGCONF_ARCHS_INCLUDE_X86_FALSE=''
VGCONF_ARCHS_INCLUDE_X86_TRUE=''
VGCONF_ARCH_PRI=''
VGCONF_ARCH_SEC=''
VGCONF_HAVE_PLATFORM_SEC_FALSE=''
VGCONF_HAVE_PLATFORM_SEC_TRUE=''
VGCONF_OS=''
VGCONF_OS_IS_DARWIN_FALSE=''
VGCONF_OS_IS_DARWIN_TRUE=''
VGCONF_OS_IS_LINUX_FALSE=''
VGCONF_OS_IS_LINUX_TRUE=''
VGCONF_OS_IS_SOLARIS_FALSE=''
VGCONF_OS_IS_SOLARIS_TRUE=''
VGCONF_PLATFORMS_INCLUDE_AMD64_DARWIN_FALSE=''
VGCONF_PLATFORMS_INCLUDE_AMD64_DARWIN_TRUE=''
VGCONF_PLATFORMS_INCLUDE_AMD64_LINUX_FALSE=''
VGCONF_PLATFORMS_INCLUDE_AMD64_LINUX_TRUE=''
VGCONF_PLATFORMS_INCLUDE_AMD64_SOLARIS_FALSE=''
VGCONF_PLATFORMS_INCLUDE_AMD64_SOLARIS_TRUE=''
VGCONF_PLATFORMS_INCLUDE_ARM64_LINUX_FALSE=''
VGCONF_PLATFORMS_INCLUDE_ARM64_LINUX_TRUE=''
VGCONF_PLATFORMS_INCLUDE_ARM_LINUX_FALSE=''
VGCONF_PLATFORMS_INCLUDE_ARM_LINUX_TRUE=''
VGCONF_PLATFORMS_INCLUDE_MIPS32_LINUX_FALSE=''
VGCONF_PLATFORMS_INCLUDE_MIPS32_LINUX_TRUE=''
VGCONF_PLATFORMS_INCLUDE_MIPS64_LINUX_FALSE=''
VGCONF_PLATFORMS_INCLUDE_MIPS64_LINUX_TRUE=''
VGCONF_PLATFORMS_INCLUDE_PPC32_LINUX_FALSE=''
VGCONF_PLATFORMS_INCLUDE_PPC32_LINUX_TRUE=''
VGCONF_PLATFORMS_INCLUDE_PPC64BE_LINUX_FALSE=''
VGCONF_PLATFORMS_INCLUDE_PPC64BE_LINUX_TRUE=''
VGCONF_PLATFORMS_INCLUDE_PPC64LE_LINUX_FALSE=''
VGCONF_PLATFORMS_INCLUDE_PPC64LE_LINUX_TRUE=''
VGCONF_PLATFORMS_INCLUDE_S390X_LINUX_FALSE=''
VGCONF_PLATFORMS_INCLUDE_S390X_LINUX_TRUE=''
VGCONF_PLATFORMS_INCLUDE_TILEGX_LINUX_FALSE=''
VGCONF_PLATFORMS_INCLUDE_TILEGX_LINUX_TRUE=''
VGCONF_PLATFORMS_INCLUDE_X86_DARWIN_FALSE=''
VGCONF_PLATFORMS_INCLUDE_X86_DARWIN_TRUE=''
VGCONF_PLATFORMS_INCLUDE_X86_LINUX_FALSE=''
VGCONF_PLATFORMS_INCLUDE_X86_LINUX_TRUE=''
VGCONF_PLATFORMS_INCLUDE_X86_SOLARIS_FALSE=''
VGCONF_PLATFORMS_INCLUDE_X86_SOLARIS_TRUE=''
VGCONF_PLATFORM_PRI_CAPS=''
VGCONF_PLATFORM_SEC_CAPS=''
VGCONF_PLATVARIANT=''
VGCONF_PLATVARIANT_IS_ANDROID_FALSE=''
VGCONF_PLATVARIANT_IS_ANDROID_TRUE=''
VGCONF_PLATVARIANT_IS_VANILLA_FALSE=''
VGCONF_PLATVARIANT_IS_VANILLA_TRUE=''
VG_TMPDIR=''
ac_ct_CC='gcc'
ac_ct_CXX=''
am__EXEEXT_FALSE=''
am__EXEEXT_TRUE=''
am__fastdepCCAS_FALSE=''
am__fastdepCCAS_TRUE=''
am__fastdepCC_FALSE=''
am__fastdepCC_TRUE=''
am__fastdepCXX_FALSE=''
am__fastdepCXX_TRUE=''
am__include=''
am__isrc=''
am__leading_dot='.'
am__nodep=''
am__quote=''
am__tar='$${TAR-tar} chof - "$$tardir"'
am__untar='$${TAR-tar} xf -'
bindir='${exec_prefix}/bin'
build=''
build_alias=''
build_cpu=''
build_os=''
build_vendor=''
datadir='${datarootdir}'
datarootdir='${prefix}/share'
docdir='${datarootdir}/doc/${PACKAGE_TARNAME}'
dvidir='${docdir}'
exec_prefix='NONE'
host=''
host_alias=''
host_cpu=''
host_os=''
host_vendor=''
htmldir='${docdir}'
includedir='${prefix}/include'
infodir='${datarootdir}/info'
install_sh='${SHELL} /home/aboorvad/workspace/valgrind/svn-valgrind/valgrind/install-sh'
libdir='${exec_prefix}/lib'
libexecdir='${exec_prefix}/libexec'
localedir='${datarootdir}/locale'
localstatedir='${prefix}/var'
mandir='${datarootdir}/man'
mkdir_p='$(MKDIR_P)'
oldincludedir='/usr/include'
pdfdir='${docdir}'
prefix='NONE'
program_transform_name='s,x,x,'
psdir='${docdir}'
sbindir='${exec_prefix}/sbin'
sharedstatedir='${prefix}/com'
sysconfdir='${prefix}/etc'
target_alias=''

## ----------- ##
## confdefs.h. ##
## ----------- ##

/* confdefs.h */
#define PACKAGE_NAME "Valgrind"
#define PACKAGE_TARNAME "valgrind"
#define PACKAGE_VERSION "3.12.0.SVN"
#define PACKAGE_STRING "Valgrind 3.12.0.SVN"
#define PACKAGE_BUGREPORT "valgrind-users@lists.sourceforge.net"
#define PACKAGE_URL ""
#define PACKAGE "valgrind"
#define VERSION "3.12.0.SVN"

configure: caught signal 2
configure: exit 1
